--- Summary of Last Product Crawl ---
Generated at: 2025-09-13 16:18:53 +0700

berrylittles.com: 0 New Products: 26
dreameshirt.com: 0 New Products: 56
eteeclothing.com: 0 New Products: 712
fanaticity.com: 0 New Products: 455
geekteesus.com: 0 New Products: 195
legendusashirt.com: 22 New Products: 516
meredpremium.com: 0 New Products: 486
milkywayshirt.com: 0 New Products: 215
nowbestshirt.com: 0 New Products: 64
orionshirt.com: 0 New Products: 29
serenashirt.com: 0 New Products: 484
techteesusa.com: 0 New Products: 483
teeextra.com: 0 New Products: 190
teeslocal.com: 0 New Products: 222
teespix.com: 0 New Products: 552
teeworksusa.com: 2 New Products: 406
teleteeshirt.com: 8 New Products: 150
Crawl duration: 26.10 seconds.